<?xml version="1.0" encoding="UTF-8"?>
<testsuite xmlns:xsi="http://www.w3.org/2001/XMLSchema-instance" xsi:noNamespaceSchemaLocation="https://maven.apache.org/surefire/maven-surefire-plugin/xsd/surefire-test-report.xsd" name="io.practice.MathUtilsTest" time="0.031" tests="7" errors="0" skipped="4" failures="0">
  <properties>
[...]
</properties>
  <testcase name="testAdd" classname="io.practice.MathUtilsTest" time="0.008"/>
  <testcase name="newTestDisabled" classname="io.practice.MathUtilsTest" time="0">
    <skipped message="void io.practice.MathUtilsTest.newTestDisabled() is @Disabled"/>
  </testcase>
  <testcase name="multiplyTest" classname="io.practice.MathUtilsTest" time="0.003"/>
  <testcase name="testDevide1" classname="io.practice.MathUtilsTest" time="0">
    <skipped message="Disabled on operating system: Windows 10"/>
  </testcase>
  <testcase name="testDevide2" classname="io.practice.MathUtilsTest" time="0">
    <skipped message="Disabled on JRE version: 1.8.0_281"/>
  </testcase>
  <testcase name="testDevide" classname="io.practice.MathUtilsTest" time="0">
    <skipped message="Assumption failed: assumption is not true" type="org.opentest4j.TestAbortedException">org.opentest4j.TestAbortedException: Assumption failed: assumption is not true
	at io.practice.MathUtilsTest.testDevide(MathUtilsTest.java:64)
</skipped>
    <system-out><![CDATA[Cleaning up...
]]></system-out>
  </testcase>
  <testcase name="testComputeCircleRadius" classname="io.practice.MathUtilsTest" time="0.001"/>
</testsuite>